<?xml version="1.0" encoding="UTF-8"?>
<!-- Generated by org.testng.reporters.JUnitReportReporter -->
<testsuite skipped="0" hostname="DESKTOP-DN1MP9O" name="com.autowms.testcases.LoginPageTest" tests="3" failures="0" timestamp="2022-01-26T17:45:40 IST" time="31.757" errors="0">
  <testcase name="loginPageTest" time="7.256" classname="com.autowms.testcases.LoginPageTest"/>
  <system-out/>
  <testcase name="loginTest" time="17.014" classname="com.autowms.testcases.LoginPageTest"/>
  <system-out/>
  <testcase name="sampleCase" time="7.487" classname="com.autowms.testcases.LoginPageTest"/>
  <system-out/>
</testsuite> <!-- com.autowms.testcases.LoginPageTest -->
